<?xml version="1.0" encoding="UTF-8"?>
<!-- Generated by org.testng.reporters.JUnitXMLReporter -->
<testsuite ignored="0" hostname="LAPTOP-GDSA2IIE" failures="0" tests="4" name="Test" time="0.013" errors="0" timestamp="2024-12-18T18:06:21 IST">
  <testcase classname="Som.Two" name="method20" time="0.005"/>
  <testcase classname="Som.Two" name="method21" time="0.0"/>
  <testcase classname="Som.Two" name="method22" time="0.001"/>
  <testcase classname="Som.Two" name="method23" time="0.001"/>
</testsuite> <!-- Test -->
