<?xml version="1.0" encoding="UTF-8"?>
<!-- Generated by org.testng.reporters.JUnitXMLReporter -->
<testsuite ignored="0" hostname="LAPTOP-GDSA2IIE" failures="0" tests="4" name="Test" time="0.071" errors="0" timestamp="2024-12-18T20:53:59 IST">
  <testcase classname="Som.Four" name="prod1" time="0.013"/>
  <testcase classname="Som.Four" name="prod2" time="0.001"/>
  <testcase classname="Som.Four" name="prod3" time="0.002"/>
  <testcase classname="Som.Four" name="prod4" time="0.001"/>
</testsuite> <!-- Test -->
