<?xml version="1.0" encoding="UTF-8"?>
<!-- Generated by org.testng.reporters.JUnitXMLReporter -->
<testsuite ignored="2" hostname="LAPTOP-GDSA2IIE" failures="0" tests="2" name="Test" time="0.065" errors="0" timestamp="2024-12-18T18:09:20 IST">
  <testcase classname="Som.One" name="method11" time="0.016"/>
  <testcase classname="Som.One" name="method12" time="0.001"/>
  <testcase classname="Som.One" name="method13" time="0.0">
    <ignored/>
  </testcase> <!-- method13 -->
  <testcase classname="Som.One" name="method14" time="0.0">
    <ignored/>
  </testcase> <!-- method14 -->
</testsuite> <!-- Test -->
