<?xml version="1.0" encoding="UTF-8"?>
<!-- Generated by org.testng.reporters.JUnitXMLReporter -->
<testsuite ignored="0" hostname="LAPTOP-GDSA2IIE" failures="0" tests="8" name="GRP-UAT" time="0.072" errors="0" timestamp="2024-12-18T17:23:49 IST">
  <testcase classname="Test8" name="method11" time="0.015"/>
  <testcase classname="Test8" name="method12" time="0.001"/>
  <testcase classname="Test8" name="method13" time="0.001"/>
  <testcase classname="Test8" name="method14" time="0.002"/>
  <testcase classname="testingteam.Test7" name="method1" time="0.001"/>
  <testcase classname="testingteam.Test7" name="method2" time="0.001"/>
  <testcase classname="testingteam.Test7" name="method3" time="0.001"/>
  <testcase classname="testingteam.Test7" name="method4" time="0.001"/>
</testsuite> <!-- GRP-UAT -->
