<?xml version="1.0" encoding="UTF-8"?>
<!-- Generated by org.testng.reporters.JUnitXMLReporter -->
<testsuite ignored="2" hostname="LAPTOP-GDSA2IIE" failures="0" tests="2" name="GRP-regression" time="0.078" errors="0" timestamp="2024-12-18T17:18:32 IST">
  <testcase classname="testingteam.Test7" name="method1" time="0.014"/>
  <testcase classname="testingteam.Test7" name="method2" time="0.002"/>
  <testcase classname="testingteam.Test7" name="method4" time="0.0">
    <ignored/>
  </testcase> <!-- method4 -->
  <testcase classname="testingteam.Test7" name="method3" time="0.0">
    <ignored/>
  </testcase> <!-- method3 -->
</testsuite> <!-- GRP-regression -->
