<?xml version="1.0" encoding="UTF-8"?>
<!-- Generated by org.testng.reporters.JUnitXMLReporter -->
<testsuite ignored="2" hostname="LAPTOP-GDSA2IIE" failures="0" tests="2" name="GRP-simple" time="0.074" errors="0" timestamp="2024-12-18T20:20:49 IST">
  <testcase classname="Som.Four" name="prod1" time="0.011"/>
  <testcase classname="Som.Four" name="prod2" time="0.001"/>
  <testcase classname="Som.Four" name="prod4" time="0.0">
    <ignored/>
  </testcase> <!-- prod4 -->
  <testcase classname="Som.Four" name="prod3" time="0.0">
    <ignored/>
  </testcase> <!-- prod3 -->
</testsuite> <!-- GRP-simple -->
