<?xml version="1.0" encoding="UTF-8"?>
<!-- Generated by org.testng.reporters.JUnitXMLReporter -->
<testsuite ignored="0" hostname="LAPTOP-GDSA2IIE" failures="1" tests="1" name="Test" time="0.067" errors="0" timestamp="2024-12-19T20:44:03 IST">
  <testcase classname="Listener.BDD" name="test" time="0.023">
    <failure type="java.lang.AssertionError" message="The condition is false, test failed. expected [true] but found [false]">
      <![CDATA[java.lang.AssertionError: The condition is false, test failed. expected [true] but found [false]
at Listener.BDD.test(BDD.java:13)
at java.base/java.util.ArrayList.forEach(ArrayList.java:1597)
... Removed 28 stack frames]]>
    </failure>
  </testcase> <!-- test -->
</testsuite> <!-- Test -->
