<?xml version="1.0" encoding="UTF-8"?>
<!-- Generated by org.testng.reporters.JUnitXMLReporter -->
<testsuite ignored="0" hostname="LAPTOP-GDSA2IIE" failures="0" tests="5" name="Test" time="15.201" errors="0" timestamp="2024-12-18T17:30:35 IST">
  <testcase classname="testingteam.Test6" name="method" time="15.137"/>
  <testcase classname="testingteam.Test7" name="method1" time="0.003"/>
  <testcase classname="testingteam.Test7" name="method2" time="0.001"/>
  <testcase classname="testingteam.Test7" name="method3" time="0.001"/>
  <testcase classname="testingteam.Test7" name="method4" time="0.002"/>
</testsuite> <!-- Test -->
